This file contains any messages produced by compilers while
running configure, to aid debugging if configure makes a mistake.

It was created by jansson configure 2.6, which was
generated by GNU Autoconf 2.69.  Invocation command line was

  $ ./configure 

## --------- ##
## Platform. ##
## --------- ##

hostname = Acer-Swift
uname -m = x86_64
uname -r = 5.15.167.4-microsoft-standard-WSL2
uname -s = Linux
uname -v = #1 SMP Tue Nov 5 00:21:55 UTC 2024

/usr/bin/uname -p = unknown
/bin/uname -X     = unknown

/bin/arch              = x86_64
/usr/bin/arch -k       = unknown
/usr/convex/getsysinfo = unknown
/usr/bin/hostinfo      = unknown
/bin/machine           = unknown
/usr/bin/oslevel       = unknown
/bin/universe          = unknown

PATH: /usr/local/sbin
PATH: /usr/local/bin
PATH: /usr/sbin
PATH: /usr/bin
PATH: /sbin
PATH: /bin
PATH: /usr/games
PATH: /usr/local/games
PATH: /usr/lib/wsl/lib
PATH: /mnt/c/Users/giuli/AppData/Roaming/Code/User/globalStorage/github.copilot-chat/debugCommand
PATH: /mnt/c/Users/giuli/AppData/Roaming/Code/User/globalStorage/github.copilot-chat/copilotCli
PATH: /mnt/c/Program Files (x86)/Razer Chroma SDK/bin
PATH: /mnt/c/Program Files/Razer Chroma SDK/bin
PATH: /mnt/c/Program Files/Common Files/Oracle/Java/javapath
PATH: /mnt/c/WINDOWS/system32
PATH: /mnt/c/WINDOWS
PATH: /mnt/c/WINDOWS/System32/Wbem
PATH: /mnt/c/WINDOWS/System32/WindowsPowerShell/v1.0/
PATH: /mnt/c/WINDOWS/System32/OpenSSH/
PATH: /mnt/c/Program Files/dotnet/
PATH: /mnt/c/Program Files/Git/cmd
PATH: /mnt/c/WINDOWS/system32/config/systemprofile/AppData/Local/Microsoft/WindowsApps
PATH: /mnt/c/Program Files (x86)/Razer/ChromaBroadcast/bin
PATH: /mnt/c/Program Files/Razer/ChromaBroadcast/bin
PATH: /mnt/c/Users/giuli/AppData/Local/Programs/Python/Python311/Scripts/
PATH: /mnt/c/Users/giuli/AppData/Local/Programs/Python/Python311/
PATH: /mnt/c/Users/giuli/AppData/Local/Programs/Python/Python310/Scripts/
PATH: /mnt/c/Users/giuli/AppData/Local/Programs/Python/Python310/
PATH: /mnt/c/Users/giuli/AppData/Local/Microsoft/WindowsApps
PATH: /mnt/c/Users/giuli/AppData/Local/spicetify
PATH: /mnt/c/msys64/ucrt64/bin
PATH: /mnt/c/Users/giuli/AppData/Local/Programs/Microsoft VS Code/bin
PATH: /mnt/c/Program Files/Java/jdk-22/bin
PATH: /mnt/c/Users/giuli/AppData/Roaming/npm
PATH: /mnt/c/Users/giuli/AppData/Local/Muse Hub/li
PATH: /mnt/c/Program Files/nodejs/
PATH: /mnt/c/Users/giuli/.config/herd-lite/bin
PATH: /mnt/c/Users/giuli/AppData/Local/Programs/Python/Python311/Scripts/
PATH: /mnt/c/Users/giuli/AppData/Local/Programs/Python/Python311/
PATH: /mnt/c/Users/giuli/AppData/Local/Programs/Python/Python310/Scripts/
PATH: /mnt/c/Users/giuli/AppData/Local/Programs/Python/Python310/
PATH: /mnt/c/Users/giuli/AppData/Local/Microsoft/WindowsApps
PATH: /mnt/c/Users/giuli/AppData/Local/spicetify
PATH: /mnt/c/msys64/ucrt64/bin
PATH: /mnt/c/Users/giuli/AppData/Local/Programs/Microsoft VS Code/bin
PATH: /mnt/c/Program Files/Java/jdk-22/bin
PATH: /mnt/c/Users/giuli/AppData/Local/Muse Hub/lib
PATH: /mnt/c/Users/giuli/php-8.4.12-nts-Win32-vs17-x64
PATH: /mnt/c/Users/giuli/AppData/Roaming/npm


## ----------- ##
## Core tests. ##
## ----------- ##

configure:2382: checking for a BSD-compatible install
configure:2450: result: /usr/bin/install -c
configure:2461: checking whether build environment is sane
configure:2511: result: yes
configure:2652: checking for a thread-safe mkdir -p
configure:2691: result: /usr/bin/mkdir -p
configure:2704: checking for gawk
configure:2734: result: no
configure:2704: checking for mawk
configure:2720: found /usr/bin/mawk
configure:2731: result: mawk
configure:2742: checking whether make sets $(MAKE)
configure:2764: result: yes
configure:2898: checking for gcc
configure:2914: found /usr/bin/gcc
configure:2925: result: gcc
configure:3154: checking for C compiler version
configure:3163: gcc --version >&5
gcc (Debian 14.2.0-19) 14.2.0
Copyright (C) 2024 Free Software Foundation, Inc.
This is free software; see the source for copying conditions.  There is NO
warranty; not even for MERCHANTABILITY or FITNESS FOR A PARTICULAR PURPOSE.

configure:3174: $? = 0
configure:3163: gcc -v >&5
Using built-in specs.
COLLECT_GCC=gcc
COLLECT_LTO_WRAPPER=/usr/libexec/gcc/x86_64-linux-gnu/14/lto-wrapper
OFFLOAD_TARGET_NAMES=nvptx-none:amdgcn-amdhsa
OFFLOAD_TARGET_DEFAULT=1
Target: x86_64-linux-gnu
Configured with: ../src/configure -v --with-pkgversion='Debian 14.2.0-19' --with-bugurl=file:///usr/share/doc/gcc-14/README.Bugs --enable-languages=c,ada,c++,go,d,fortran,objc,obj-c++,m2,rust --prefix=/usr --with-gcc-major-version-only --program-suffix=-14 --program-prefix=x86_64-linux-gnu- --enable-shared --enable-linker-build-id --libexecdir=/usr/libexec --without-included-gettext --enable-threads=posix --libdir=/usr/lib --enable-nls --enable-bootstrap --enable-clocale=gnu --enable-libstdcxx-debug --enable-libstdcxx-time=yes --with-default-libstdcxx-abi=new --enable-libstdcxx-backtrace --enable-gnu-unique-object --disable-vtable-verify --enable-plugin --enable-default-pie --with-system-zlib --enable-libphobos-checking=release --with-target-system-zlib=auto --enable-objc-gc=auto --enable-multiarch --disable-werror --enable-cet --with-arch-32=i686 --with-abi=m64 --with-multilib-list=m32,m64,mx32 --enable-multilib --with-tune=generic --enable-offload-targets=nvptx-none=/build/reproducible-path/gcc-14-14.2.0/debian/tmp-nvptx/usr,amdgcn-amdhsa=/build/reproducible-path/gcc-14-14.2.0/debian/tmp-gcn/usr --enable-offload-defaulted --without-cuda-driver --enable-checking=release --build=x86_64-linux-gnu --host=x86_64-linux-gnu --target=x86_64-linux-gnu --with-build-config=bootstrap-lto-lean --enable-link-serialization=3
Thread model: posix
Supported LTO compression algorithms: zlib zstd
gcc version 14.2.0 (Debian 14.2.0-19) 
... rest of stderr output deleted ...
configure:3174: $? = 0
configure:3163: gcc -V >&5
gcc: error: unrecognized command-line option '-V'
gcc: fatal error: no input files
compilation terminated.
configure:3174: $? = 1
configure:3163: gcc -qversion >&5
gcc: error: unrecognized command-line option '-qversion'; did you mean '--version'?
gcc: fatal error: no input files
compilation terminated.
configure:3174: $? = 1
configure:3194: checking whether the C compiler works
configure:3216: gcc    conftest.c  >&5
configure:3220: $? = 0
configure:3268: result: yes
configure:3271: checking for C compiler default output file name
configure:3273: result: a.out
configure:3279: checking for suffix of executables
configure:3286: gcc -o conftest    conftest.c  >&5
configure:3290: $? = 0
configure:3312: result: 
configure:3334: checking whether we are cross compiling
configure:3342: gcc -o conftest    conftest.c  >&5
configure:3346: $? = 0
configure:3353: ./conftest
configure:3357: $? = 0
configure:3372: result: no
configure:3377: checking for suffix of object files
configure:3399: gcc -c   conftest.c >&5
configure:3403: $? = 0
configure:3424: result: o
configure:3428: checking whether we are using the GNU C compiler
configure:3447: gcc -c   conftest.c >&5
configure:3447: $? = 0
configure:3456: result: yes
configure:3465: checking whether gcc accepts -g
configure:3485: gcc -c -g  conftest.c >&5
configure:3485: $? = 0
configure:3526: result: yes
configure:3543: checking for gcc option to accept ISO C89
configure:3606: gcc  -c -g -O2  conftest.c >&5
configure:3606: $? = 0
configure:3619: result: none needed
configure:3650: checking for style of include used by make
configure:3678: result: GNU
configure:3704: checking dependency style of gcc
configure:3815: result: gcc3
configure:3859: checking build system type
configure:3873: result: x86_64-unknown-linux-gnu
configure:3893: checking host system type
configure:3906: result: x86_64-unknown-linux-gnu
configure:3947: checking how to print strings
configure:3974: result: printf
configure:3995: checking for a sed that does not truncate output
configure:4059: result: /usr/bin/sed
configure:4077: checking for grep that handles long lines and -e
configure:4135: result: /usr/bin/grep
configure:4140: checking for egrep
configure:4202: result: /usr/bin/grep -E
configure:4207: checking for fgrep
configure:4269: result: /usr/bin/grep -F
configure:4304: checking for ld used by gcc
configure:4371: result: /usr/bin/ld
configure:4378: checking if the linker (/usr/bin/ld) is GNU ld
configure:4393: result: yes
configure:4405: checking for BSD- or MS-compatible name lister (nm)
configure:4454: result: /usr/bin/nm -B
configure:4584: checking the name lister (/usr/bin/nm -B) interface
configure:4591: gcc -c -g -O2  conftest.c >&5
configure:4594: /usr/bin/nm -B "conftest.o"
configure:4597: output
0000000000000000 B some_variable
configure:4604: result: BSD nm
configure:4607: checking whether ln -s works
configure:4611: result: yes
configure:4619: checking the maximum length of command line arguments
configure:4749: result: 1572864
configure:4766: checking whether the shell understands some XSI constructs
configure:4776: result: yes
configure:4780: checking whether the shell understands "+="
configure:4786: result: yes
configure:4821: checking how to convert x86_64-unknown-linux-gnu file names to x86_64-unknown-linux-gnu format
configure:4861: result: func_convert_file_noop
configure:4868: checking how to convert x86_64-unknown-linux-gnu file names to toolchain format
configure:4888: result: func_convert_file_noop
configure:4895: checking for /usr/bin/ld option to reload object files
configure:4902: result: -r
configure:4976: checking for objdump
configure:4992: found /usr/bin/objdump
configure:5003: result: objdump
configure:5035: checking how to recognize dependent libraries
configure:5233: result: pass_all
configure:5318: checking for dlltool
configure:5348: result: no
configure:5378: checking how to associate runtime and link libraries
configure:5405: result: printf %s\n
configure:5466: checking for ar
configure:5482: found /usr/bin/ar
configure:5493: result: ar
configure:5530: checking for archiver @FILE support
configure:5547: gcc -c -g -O2  conftest.c >&5
configure:5547: $? = 0
configure:5550: ar cru libconftest.a @conftest.lst >&5
ar: `u' modifier ignored since `D' is the default (see `U')
configure:5553: $? = 0
configure:5558: ar cru libconftest.a @conftest.lst >&5
ar: `u' modifier ignored since `D' is the default (see `U')
ar: conftest.o: No such file or directory
configure:5561: $? = 1
configure:5573: result: @
configure:5631: checking for strip
configure:5647: found /usr/bin/strip
configure:5658: result: strip
configure:5730: checking for ranlib
configure:5746: found /usr/bin/ranlib
configure:5757: result: ranlib
configure:5859: checking command to parse /usr/bin/nm -B output from gcc object
configure:5979: gcc -c -g -O2  conftest.c >&5
configure:5982: $? = 0
configure:5986: /usr/bin/nm -B conftest.o \| sed -n -e 's/^.*[ ]\([ABCDGIRSTW][ABCDGIRSTW]*\)[ ][ ]*\([_A-Za-z][_A-Za-z0-9]*\)$/\1 \2 \2/p' | sed '/ __gnu_lto/d' \> conftest.nm
configure:5989: $? = 0
configure:6055: gcc -o conftest -g -O2   conftest.c conftstm.o >&5
configure:6058: $? = 0
configure:6096: result: ok
configure:6133: checking for sysroot
configure:6163: result: no
configure:6240: gcc -c -g -O2  conftest.c >&5
configure:6243: $? = 0
configure:6419: checking for mt
configure:6435: found /usr/bin/mt
configure:6446: result: mt
configure:6469: checking if mt is a manifest tool
configure:6475: mt '-?'
configure:6483: result: no
configure:7125: checking how to run the C preprocessor
configure:7156: gcc -E  conftest.c
configure:7156: $? = 0
configure:7170: gcc -E  conftest.c
conftest.c:11:10: fatal error: ac_nonexistent.h: No such file or directory
   11 | #include <ac_nonexistent.h>
      |          ^~~~~~~~~~~~~~~~~~
compilation terminated.
configure:7170: $? = 1
configure: failed program was:
| /* confdefs.h */
| #define PACKAGE_NAME "jansson"
| #define PACKAGE_TARNAME "jansson"
| #define PACKAGE_VERSION "2.6"
| #define PACKAGE_STRING "jansson 2.6"
| #define PACKAGE_BUGREPORT "petri@digip.org"
| #define PACKAGE_URL ""
| #define PACKAGE "jansson"
| #define VERSION "2.6"
| /* end confdefs.h.  */
| #include <ac_nonexistent.h>
configure:7195: result: gcc -E
configure:7215: gcc -E  conftest.c
configure:7215: $? = 0
configure:7229: gcc -E  conftest.c
conftest.c:11:10: fatal error: ac_nonexistent.h: No such file or directory
   11 | #include <ac_nonexistent.h>
      |          ^~~~~~~~~~~~~~~~~~
compilation terminated.
configure:7229: $? = 1
configure: failed program was:
| /* confdefs.h */
| #define PACKAGE_NAME "jansson"
| #define PACKAGE_TARNAME "jansson"
| #define PACKAGE_VERSION "2.6"
| #define PACKAGE_STRING "jansson 2.6"
| #define PACKAGE_BUGREPORT "petri@digip.org"
| #define PACKAGE_URL ""
| #define PACKAGE "jansson"
| #define VERSION "2.6"
| /* end confdefs.h.  */
| #include <ac_nonexistent.h>
configure:7258: checking for ANSI C header files
configure:7278: gcc -c -g -O2  conftest.c >&5
configure:7278: $? = 0
configure:7351: gcc -o conftest -g -O2   conftest.c  >&5
configure:7351: $? = 0
configure:7351: ./conftest
configure:7351: $? = 0
configure:7362: result: yes
configure:7375: checking for sys/types.h
configure:7375: gcc -c -g -O2  conftest.c >&5
configure:7375: $? = 0
configure:7375: result: yes
configure:7375: checking for sys/stat.h
configure:7375: gcc -c -g -O2  conftest.c >&5
configure:7375: $? = 0
configure:7375: result: yes
configure:7375: checking for stdlib.h
configure:7375: gcc -c -g -O2  conftest.c >&5
configure:7375: $? = 0
configure:7375: result: yes
configure:7375: checking for string.h
configure:7375: gcc -c -g -O2  conftest.c >&5
configure:7375: $? = 0
configure:7375: result: yes
configure:7375: checking for memory.h
configure:7375: gcc -c -g -O2  conftest.c >&5
configure:7375: $? = 0
configure:7375: result: yes
configure:7375: checking for strings.h
configure:7375: gcc -c -g -O2  conftest.c >&5
configure:7375: $? = 0
configure:7375: result: yes
configure:7375: checking for inttypes.h
configure:7375: gcc -c -g -O2  conftest.c >&5
configure:7375: $? = 0
configure:7375: result: yes
configure:7375: checking for stdint.h
configure:7375: gcc -c -g -O2  conftest.c >&5
configure:7375: $? = 0
configure:7375: result: yes
configure:7375: checking for unistd.h
configure:7375: gcc -c -g -O2  conftest.c >&5
configure:7375: $? = 0
configure:7375: result: yes
configure:7389: checking for dlfcn.h
configure:7389: gcc -c -g -O2  conftest.c >&5
configure:7389: $? = 0
configure:7389: result: yes
configure:7595: checking for objdir
configure:7610: result: .libs
configure:7877: checking if gcc supports -fno-rtti -fno-exceptions
configure:7895: gcc -c -g -O2  -fno-rtti -fno-exceptions conftest.c >&5
cc1: warning: command-line option '-fno-rtti' is valid for C++/D/ObjC++ but not for C
configure:7899: $? = 0
configure:7912: result: no
configure:8239: checking for gcc option to produce PIC
configure:8246: result: -fPIC -DPIC
configure:8254: checking if gcc PIC flag -fPIC -DPIC works
configure:8272: gcc -c -g -O2  -fPIC -DPIC -DPIC conftest.c >&5
configure:8276: $? = 0
configure:8289: result: yes
configure:8318: checking if gcc static flag -static works
configure:8346: result: yes
configure:8361: checking if gcc supports -c -o file.o
configure:8382: gcc -c -g -O2  -o out/conftest2.o conftest.c >&5
configure:8386: $? = 0
configure:8408: result: yes
configure:8416: checking if gcc supports -c -o file.o
configure:8463: result: yes
configure:8496: checking whether the gcc linker (/usr/bin/ld) supports shared libraries
configure:9653: result: yes
configure:9690: checking whether -lc should be explicitly linked in
configure:9698: gcc -c -g -O2  conftest.c >&5
configure:9701: $? = 0
configure:9716: gcc -shared  -fPIC -DPIC conftest.o  -v -Wl,-soname -Wl,conftest -o conftest 2\>\&1 \| /usr/bin/grep  -lc  \>/dev/null 2\>\&1
configure:9719: $? = 0
configure:9733: result: no
configure:9893: checking dynamic linker characteristics
configure:10393: gcc -o conftest -g -O2   -Wl,-rpath -Wl,/foo conftest.c  >&5
configure:10393: $? = 0
configure:10627: result: GNU/Linux ld.so
configure:10734: checking how to hardcode library paths into programs
configure:10759: result: immediate
configure:11299: checking whether stripping libraries is possible
configure:11304: result: yes
configure:11339: checking if libtool supports shared libraries
configure:11341: result: yes
configure:11344: checking whether to build shared libraries
configure:11365: result: yes
configure:11368: checking whether to build static libraries
configure:11372: result: yes
configure:11424: checking endian.h usability
configure:11424: gcc -c -g -O2  conftest.c >&5
configure:11424: $? = 0
configure:11424: result: yes
configure:11424: checking endian.h presence
configure:11424: gcc -E  conftest.c
configure:11424: $? = 0
configure:11424: result: yes
configure:11424: checking for endian.h
configure:11424: result: yes
configure:11424: checking fcntl.h usability
configure:11424: gcc -c -g -O2  conftest.c >&5
configure:11424: $? = 0
configure:11424: result: yes
configure:11424: checking fcntl.h presence
configure:11424: gcc -E  conftest.c
configure:11424: $? = 0
configure:11424: result: yes
configure:11424: checking for fcntl.h
configure:11424: result: yes
configure:11424: checking locale.h usability
configure:11424: gcc -c -g -O2  conftest.c >&5
configure:11424: $? = 0
configure:11424: result: yes
configure:11424: checking locale.h presence
configure:11424: gcc -E  conftest.c
configure:11424: $? = 0
configure:11424: result: yes
configure:11424: checking for locale.h
configure:11424: result: yes
configure:11424: checking sched.h usability
configure:11424: gcc -c -g -O2  conftest.c >&5
configure:11424: $? = 0
configure:11424: result: yes
configure:11424: checking sched.h presence
configure:11424: gcc -E  conftest.c
configure:11424: $? = 0
configure:11424: result: yes
configure:11424: checking for sched.h
configure:11424: result: yes
configure:11424: checking for unistd.h
configure:11424: result: yes
configure:11424: checking sys/param.h usability
configure:11424: gcc -c -g -O2  conftest.c >&5
configure:11424: $? = 0
configure:11424: result: yes
configure:11424: checking sys/param.h presence
configure:11424: gcc -E  conftest.c
configure:11424: $? = 0
configure:11424: result: yes
configure:11424: checking for sys/param.h
configure:11424: result: yes
configure:11424: checking for sys/stat.h
configure:11424: result: yes
configure:11424: checking sys/time.h usability
configure:11424: gcc -c -g -O2  conftest.c >&5
configure:11424: $? = 0
configure:11424: result: yes
configure:11424: checking sys/time.h presence
configure:11424: gcc -E  conftest.c
configure:11424: $? = 0
configure:11424: result: yes
configure:11424: checking for sys/time.h
configure:11424: result: yes
configure:11424: checking for sys/types.h
configure:11424: result: yes
configure:11436: checking for int32_t
configure:11436: gcc -c -g -O2  conftest.c >&5
configure:11436: $? = 0
configure:11436: gcc -c -g -O2  conftest.c >&5
conftest.c: In function 'main':
conftest.c:70:67: warning: integer overflow in expression of type 'int' results in '-2147483648' [-Woverflow]
   70 |                  < (int32_t) (((((int32_t) 1 << N) << N) - 1) * 2 + 2))];
      |                                                                   ^
conftest.c:69:12: error: storage size of 'test_array' isn't constant
   69 | static int test_array [1 - 2 * !((int32_t) (((((int32_t) 1 << N) << N) - 1) * 2 + 1)
      |            ^~~~~~~~~~
configure:11436: $? = 1
configure: failed program was:
| /* confdefs.h */
| #define PACKAGE_NAME "jansson"
| #define PACKAGE_TARNAME "jansson"
| #define PACKAGE_VERSION "2.6"
| #define PACKAGE_STRING "jansson 2.6"
| #define PACKAGE_BUGREPORT "petri@digip.org"
| #define PACKAGE_URL ""
| #define PACKAGE "jansson"
| #define VERSION "2.6"
| #define STDC_HEADERS 1
| #define HAVE_SYS_TYPES_H 1
| #define HAVE_SYS_STAT_H 1
| #define HAVE_STDLIB_H 1
| #define HAVE_STRING_H 1
| #define HAVE_MEMORY_H 1
| #define HAVE_STRINGS_H 1
| #define HAVE_INTTYPES_H 1
| #define HAVE_STDINT_H 1
| #define HAVE_UNISTD_H 1
| #define HAVE_DLFCN_H 1
| #define LT_OBJDIR ".libs/"
| #define HAVE_ENDIAN_H 1
| #define HAVE_FCNTL_H 1
| #define HAVE_LOCALE_H 1
| #define HAVE_SCHED_H 1
| #define HAVE_UNISTD_H 1
| #define HAVE_SYS_PARAM_H 1
| #define HAVE_SYS_STAT_H 1
| #define HAVE_SYS_TIME_H 1
| #define HAVE_SYS_TYPES_H 1
| /* end confdefs.h.  */
| #include <stdio.h>
| #ifdef HAVE_SYS_TYPES_H
| # include <sys/types.h>
| #endif
| #ifdef HAVE_SYS_STAT_H
| # include <sys/stat.h>
| #endif
| #ifdef STDC_HEADERS
| # include <stdlib.h>
| # include <stddef.h>
| #else
| # ifdef HAVE_STDLIB_H
| #  include <stdlib.h>
| # endif
| #endif
| #ifdef HAVE_STRING_H
| # if !defined STDC_HEADERS && defined HAVE_MEMORY_H
| #  include <memory.h>
| # endif
| # include <string.h>
| #endif
| #ifdef HAVE_STRINGS_H
| # include <strings.h>
| #endif
| #ifdef HAVE_INTTYPES_H
| # include <inttypes.h>
| #endif
| #ifdef HAVE_STDINT_H
| # include <stdint.h>
| #endif
| #ifdef HAVE_UNISTD_H
| # include <unistd.h>
| #endif
| 	        enum { N = 32 / 2 - 1 };
| int
| main ()
| {
| static int test_array [1 - 2 * !((int32_t) (((((int32_t) 1 << N) << N) - 1) * 2 + 1)
| 		 < (int32_t) (((((int32_t) 1 << N) << N) - 1) * 2 + 2))];
| test_array [0] = 0;
| return test_array [0];
| 
|   ;
|   return 0;
| }
configure:11436: result: yes
configure:11447: checking for uint32_t
configure:11447: gcc -c -g -O2  conftest.c >&5
configure:11447: $? = 0
configure:11447: result: yes
configure:11462: checking for long long int
configure:11499: gcc -o conftest -g -O2   conftest.c  >&5
configure:11499: $? = 0
configure:11529: gcc -o conftest -g -O2   conftest.c  >&5
configure:11529: $? = 0
configure:11529: ./conftest
configure:11529: $? = 0
configure:11544: result: yes
configure:11553: checking for inline
configure:11569: gcc -c -g -O2  conftest.c >&5
configure:11569: $? = 0
configure:11577: result: inline
configure:11606: checking for close
configure:11606: gcc -o conftest -g -O2   conftest.c  >&5
configure:11606: $? = 0
configure:11606: result: yes
configure:11606: checking for getpid
configure:11606: gcc -o conftest -g -O2   conftest.c  >&5
configure:11606: $? = 0
configure:11606: result: yes
configure:11606: checking for gettimeofday
configure:11606: gcc -o conftest -g -O2   conftest.c  >&5
configure:11606: $? = 0
configure:11606: result: yes
configure:11606: checking for localeconv
configure:11606: gcc -o conftest -g -O2   conftest.c  >&5
configure:11606: $? = 0
configure:11606: result: yes
configure:11606: checking for open
configure:11606: gcc -o conftest -g -O2   conftest.c  >&5
configure:11606: $? = 0
configure:11606: result: yes
configure:11606: checking for read
configure:11606: gcc -o conftest -g -O2   conftest.c  >&5
configure:11606: $? = 0
configure:11606: result: yes
configure:11606: checking for sched_yield
configure:11606: gcc -o conftest -g -O2   conftest.c  >&5
configure:11606: $? = 0
configure:11606: result: yes
configure:11606: checking for strtoll
configure:11606: gcc -o conftest -g -O2   conftest.c  >&5
configure:11606: $? = 0
configure:11606: result: yes
configure:11616: checking for gcc __sync builtins
configure:11630: gcc -o conftest -g -O2   conftest.c  >&5
configure:11630: $? = 0
configure:11640: result: yes
configure:11643: checking for gcc __atomic builtins
configure:11657: gcc -o conftest -g -O2   conftest.c  >&5
conftest.c: In function 'main':
conftest.c:46:71: warning: invalid memory model 'memory_order_acq_rel' for '__atomic_store_8' [-Winvalid-memory-model]
   46 | char l; unsigned long v; __atomic_test_and_set(&l, __ATOMIC_RELAXED); __atomic_store_n(&v, 1, __ATOMIC_ACQ_REL); __atomic_load_n(&v, __ATOMIC_ACQUIRE);
      |                                                                       ^~~~~~~~~~~~~~~~~~~~~~~~~~~~~~~~~~~~~~~~~
conftest.c:46:71: note: valid models are 'memory_order_relaxed', 'memory_order_seq_cst', 'memory_order_release'
configure:11657: $? = 0
configure:11667: result: yes
configure:11839: creating ./config.status

## ---------------------- ##
## Running config.status. ##
## ---------------------- ##

This file was extended by jansson config.status 2.6, which was
generated by GNU Autoconf 2.69.  Invocation command line was

  CONFIG_FILES    = 
  CONFIG_HEADERS  = 
  CONFIG_LINKS    = 
  CONFIG_COMMANDS = 
  $ ./config.status 

on Acer-Swift

config.status:1111: creating jansson.pc
config.status:1111: creating Makefile
config.status:1111: creating doc/Makefile
config.status:1111: creating src/Makefile
config.status:1111: creating src/jansson_config.h
config.status:1111: creating test/Makefile
config.status:1111: creating test/bin/Makefile
config.status:1111: creating test/suites/Makefile
config.status:1111: creating test/suites/api/Makefile
config.status:1111: creating config.h
config.status:1340: executing depfiles commands
config.status:1340: executing libtool commands

## ---------------- ##
## Cache variables. ##
## ---------------- ##

ac_cv_build=x86_64-unknown-linux-gnu
ac_cv_c_compiler_gnu=yes
ac_cv_c_inline=inline
ac_cv_c_int32_t=yes
ac_cv_c_uint32_t=yes
ac_cv_env_CC_set=
ac_cv_env_CC_value=
ac_cv_env_CFLAGS_set=
ac_cv_env_CFLAGS_value=
ac_cv_env_CPPFLAGS_set=
ac_cv_env_CPPFLAGS_value=
ac_cv_env_CPP_set=
ac_cv_env_CPP_value=
ac_cv_env_LDFLAGS_set=
ac_cv_env_LDFLAGS_value=
ac_cv_env_LIBS_set=
ac_cv_env_LIBS_value=
ac_cv_env_build_alias_set=
ac_cv_env_build_alias_value=
ac_cv_env_host_alias_set=
ac_cv_env_host_alias_value=
ac_cv_env_target_alias_set=
ac_cv_env_target_alias_value=
ac_cv_func_close=yes
ac_cv_func_getpid=yes
ac_cv_func_gettimeofday=yes
ac_cv_func_localeconv=yes
ac_cv_func_open=yes
ac_cv_func_read=yes
ac_cv_func_sched_yield=yes
ac_cv_func_strtoll=yes
ac_cv_header_dlfcn_h=yes
ac_cv_header_endian_h=yes
ac_cv_header_fcntl_h=yes
ac_cv_header_inttypes_h=yes
ac_cv_header_locale_h=yes
ac_cv_header_memory_h=yes
ac_cv_header_sched_h=yes
ac_cv_header_stdc=yes
ac_cv_header_stdint_h=yes
ac_cv_header_stdlib_h=yes
ac_cv_header_string_h=yes
ac_cv_header_strings_h=yes
ac_cv_header_sys_param_h=yes
ac_cv_header_sys_stat_h=yes
ac_cv_header_sys_time_h=yes
ac_cv_header_sys_types_h=yes
ac_cv_header_unistd_h=yes
ac_cv_host=x86_64-unknown-linux-gnu
ac_cv_objext=o
ac_cv_path_EGREP='/usr/bin/grep -E'
ac_cv_path_FGREP='/usr/bin/grep -F'
ac_cv_path_GREP=/usr/bin/grep
ac_cv_path_SED=/usr/bin/sed
ac_cv_path_install='/usr/bin/install -c'
ac_cv_path_mkdir=/usr/bin/mkdir
ac_cv_prog_AWK=mawk
ac_cv_prog_CPP='gcc -E'
ac_cv_prog_ac_ct_AR=ar
ac_cv_prog_ac_ct_CC=gcc
ac_cv_prog_ac_ct_MANIFEST_TOOL=mt
ac_cv_prog_ac_ct_OBJDUMP=objdump
ac_cv_prog_ac_ct_RANLIB=ranlib
ac_cv_prog_ac_ct_STRIP=strip
ac_cv_prog_cc_c89=
ac_cv_prog_cc_g=yes
ac_cv_prog_make_make_set=yes
ac_cv_type_long_long_int=yes
am_cv_CC_dependencies_compiler_type=gcc3
lt_cv_ar_at_file=@
lt_cv_archive_cmds_need_lc=no
lt_cv_deplibs_check_method=pass_all
lt_cv_file_magic_cmd='$MAGIC_CMD'
lt_cv_file_magic_test_file=
lt_cv_ld_reload_flag=-r
lt_cv_nm_interface='BSD nm'
lt_cv_objdir=.libs
lt_cv_path_LD=/usr/bin/ld
lt_cv_path_NM='/usr/bin/nm -B'
lt_cv_path_mainfest_tool=no
lt_cv_prog_compiler_c_o=yes
lt_cv_prog_compiler_pic='-fPIC -DPIC'
lt_cv_prog_compiler_pic_works=yes
lt_cv_prog_compiler_rtti_exceptions=no
lt_cv_prog_compiler_static_works=yes
lt_cv_prog_gnu_ld=yes
lt_cv_sharedlib_from_linklib_cmd='printf %s\n'
lt_cv_shlibpath_overrides_runpath=yes
lt_cv_sys_global_symbol_pipe='sed -n -e '\''s/^.*[	 ]\([ABCDGIRSTW][ABCDGIRSTW]*\)[	 ][	 ]*\([_A-Za-z][_A-Za-z0-9]*\)$/\1 \2 \2/p'\'' | sed '\''/ __gnu_lto/d'\'''
lt_cv_sys_global_symbol_to_c_name_address='sed -n -e '\''s/^: \([^ ]*\)[ ]*$/  {\"\1\", (void *) 0},/p'\'' -e '\''s/^[ABCDGIRSTW]* \([^ ]*\) \([^ ]*\)$/  {"\2", (void *) \&\2},/p'\'''
lt_cv_sys_global_symbol_to_c_name_address_lib_prefix='sed -n -e '\''s/^: \([^ ]*\)[ ]*$/  {\"\1\", (void *) 0},/p'\'' -e '\''s/^[ABCDGIRSTW]* \([^ ]*\) \(lib[^ ]*\)$/  {"\2", (void *) \&\2},/p'\'' -e '\''s/^[ABCDGIRSTW]* \([^ ]*\) \([^ ]*\)$/  {"lib\2", (void *) \&\2},/p'\'''
lt_cv_sys_global_symbol_to_cdecl='sed -n -e '\''s/^T .* \(.*\)$/extern int \1();/p'\'' -e '\''s/^[ABCDGIRSTW]* .* \(.*\)$/extern char \1;/p'\'''
lt_cv_sys_max_cmd_len=1572864
lt_cv_to_host_file_cmd=func_convert_file_noop
lt_cv_to_tool_file_cmd=func_convert_file_noop

## ----------------- ##
## Output variables. ##
## ----------------- ##

ACLOCAL='${SHELL} /mnt/c/Users/giuli/Desktop/test_app_revision/Recall/jansson-2.6/missing --run aclocal-1.11'
AMDEPBACKSLASH='\'
AMDEP_FALSE='#'
AMDEP_TRUE=''
AMTAR='$${TAR-tar}'
AR='ar'
AUTOCONF='${SHELL} /mnt/c/Users/giuli/Desktop/test_app_revision/Recall/jansson-2.6/missing --run autoconf'
AUTOHEADER='${SHELL} /mnt/c/Users/giuli/Desktop/test_app_revision/Recall/jansson-2.6/missing --run autoheader'
AUTOMAKE='${SHELL} /mnt/c/Users/giuli/Desktop/test_app_revision/Recall/jansson-2.6/missing --run automake-1.11'
AWK='mawk'
CC='gcc'
CCDEPMODE='depmode=gcc3'
CFLAGS='-g -O2'
CPP='gcc -E'
CPPFLAGS=''
CYGPATH_W='echo'
DEFS='-DHAVE_CONFIG_H'
DEPDIR='.deps'
DLLTOOL='false'
DSYMUTIL=''
DUMPBIN=''
ECHO_C=''
ECHO_N='-n'
ECHO_T=''
EGREP='/usr/bin/grep -E'
EXEEXT=''
FGREP='/usr/bin/grep -F'
GCC_FALSE='#'
GCC_TRUE=''
GREP='/usr/bin/grep'
INSTALL_DATA='${INSTALL} -m 644'
INSTALL_PROGRAM='${INSTALL}'
INSTALL_SCRIPT='${INSTALL}'
INSTALL_STRIP_PROGRAM='$(install_sh) -c -s'
LD='/usr/bin/ld'
LDFLAGS=''
LIBOBJS=''
LIBS=''
LIBTOOL='$(SHELL) $(top_builddir)/libtool'
LIPO=''
LN_S='ln -s'
LTLIBOBJS=''
MAKEINFO='${SHELL} /mnt/c/Users/giuli/Desktop/test_app_revision/Recall/jansson-2.6/missing --run makeinfo'
MANIFEST_TOOL=':'
MKDIR_P='/usr/bin/mkdir -p'
NM='/usr/bin/nm -B'
NMEDIT=''
OBJDUMP='objdump'
OBJEXT='o'
OTOOL64=''
OTOOL=''
PACKAGE='jansson'
PACKAGE_BUGREPORT='petri@digip.org'
PACKAGE_NAME='jansson'
PACKAGE_STRING='jansson 2.6'
PACKAGE_TARNAME='jansson'
PACKAGE_URL=''
PACKAGE_VERSION='2.6'
PATH_SEPARATOR=':'
RANLIB='ranlib'
SED='/usr/bin/sed'
SET_MAKE=''
SHELL='/bin/bash'
STRIP='strip'
VERSION='2.6'
ac_ct_AR='ar'
ac_ct_CC='gcc'
ac_ct_DUMPBIN=''
am__EXEEXT_FALSE=''
am__EXEEXT_TRUE='#'
am__fastdepCC_FALSE='#'
am__fastdepCC_TRUE=''
am__include='include'
am__isrc=''
am__leading_dot='.'
am__nodep='_no'
am__quote=''
am__tar='$${TAR-tar} chof - "$$tardir"'
am__untar='$${TAR-tar} xf -'
bindir='${exec_prefix}/bin'
build='x86_64-unknown-linux-gnu'
build_alias=''
build_cpu='x86_64'
build_os='linux-gnu'
build_vendor='unknown'
datadir='${datarootdir}'
datarootdir='${prefix}/share'
docdir='${datarootdir}/doc/${PACKAGE_TARNAME}'
dvidir='${docdir}'
exec_prefix='${prefix}'
host='x86_64-unknown-linux-gnu'
host_alias=''
host_cpu='x86_64'
host_os='linux-gnu'
host_vendor='unknown'
htmldir='${docdir}'
includedir='${prefix}/include'
infodir='${datarootdir}/info'
install_sh='${SHELL} /mnt/c/Users/giuli/Desktop/test_app_revision/Recall/jansson-2.6/install-sh'
json_have_localeconv='1'
json_have_long_long='1'
json_inline='inline'
libdir='${exec_prefix}/lib'
libexecdir='${exec_prefix}/libexec'
localedir='${datarootdir}/locale'
localstatedir='${prefix}/var'
mandir='${datarootdir}/man'
mkdir_p='/usr/bin/mkdir -p'
oldincludedir='/usr/include'
pdfdir='${docdir}'
prefix='/usr/local'
program_transform_name='s,x,x,'
psdir='${docdir}'
sbindir='${exec_prefix}/sbin'
sharedstatedir='${prefix}/com'
sysconfdir='${prefix}/etc'
target_alias=''

## ----------- ##
## confdefs.h. ##
## ----------- ##

/* confdefs.h */
#define PACKAGE_NAME "jansson"
#define PACKAGE_TARNAME "jansson"
#define PACKAGE_VERSION "2.6"
#define PACKAGE_STRING "jansson 2.6"
#define PACKAGE_BUGREPORT "petri@digip.org"
#define PACKAGE_URL ""
#define PACKAGE "jansson"
#define VERSION "2.6"
#define STDC_HEADERS 1
#define HAVE_SYS_TYPES_H 1
#define HAVE_SYS_STAT_H 1
#define HAVE_STDLIB_H 1
#define HAVE_STRING_H 1
#define HAVE_MEMORY_H 1
#define HAVE_STRINGS_H 1
#define HAVE_INTTYPES_H 1
#define HAVE_STDINT_H 1
#define HAVE_UNISTD_H 1
#define HAVE_DLFCN_H 1
#define LT_OBJDIR ".libs/"
#define HAVE_ENDIAN_H 1
#define HAVE_FCNTL_H 1
#define HAVE_LOCALE_H 1
#define HAVE_SCHED_H 1
#define HAVE_UNISTD_H 1
#define HAVE_SYS_PARAM_H 1
#define HAVE_SYS_STAT_H 1
#define HAVE_SYS_TIME_H 1
#define HAVE_SYS_TYPES_H 1
#define HAVE_LONG_LONG_INT 1
#define HAVE_CLOSE 1
#define HAVE_GETPID 1
#define HAVE_GETTIMEOFDAY 1
#define HAVE_LOCALECONV 1
#define HAVE_OPEN 1
#define HAVE_READ 1
#define HAVE_SCHED_YIELD 1
#define HAVE_STRTOLL 1
#define HAVE_SYNC_BUILTINS 1
#define HAVE_ATOMIC_BUILTINS 1
#define USE_URANDOM 1
#define USE_WINDOWS_CRYPTOAPI 1

configure: exit 0
